Determining if the pthread_create exist failed with the following output:
Change Dir: /home/steven/rover_workspace/build/sbridge/CMakeFiles/CMakeTmp

Run Build Command:/usr/bin/make "cmTryCompileExec2458769676/fast"
/usr/bin/make -f CMakeFiles/cmTryCompileExec2458769676.dir/build.make CMakeFiles/cmTryCompileExec2458769676.dir/build
make[1]: Entering directory `/home/steven/rover_workspace/build/sbridge/CMakeFiles/CMakeTmp'
/usr/bin/cmake -E cmake_progress_report /home/steven/rover_workspace/build/sbridge/CMakeFiles/CMakeTmp/CMakeFiles 1
Building C object CMakeFiles/cmTryCompileExec2458769676.dir/CheckSymbolExists.c.o
/usr/bin/cc    -o CMakeFiles/cmTryCompileExec2458769676.dir/CheckSymbolExists.c.o   -c /home/steven/rover_workspace/build/sbridge/CMakeFiles/CMakeTmp/CheckSymbolExists.c
Linking C executable cmTryCompileExec2458769676
/usr/bin/cmake -E cmake_link_script CMakeFiles/cmTryCompileExec2458769676.dir/link.txt --verbose=1
/usr/bin/cc       CMakeFiles/cmTryCompileExec2458769676.dir/CheckSymbolExists.c.o  -o cmTryCompileExec2458769676 -rdynamic 
CMakeFiles/cmTryCompileExec2458769676.dir/CheckSymbolExists.c.o: In function `main':
CheckSymbolExists.c:(.text+0x16): undefined reference to `pthread_create'
collect2: error: ld returned 1 exit status
make[1]: Leaving directory `/home/steven/rover_workspace/build/sbridge/CMakeFiles/CMakeTmp'
make[1]: *** [cmTryCompileExec2458769676] Error 1
make: *** [cmTryCompileExec2458769676/fast] Error 2

File /home/steven/rover_workspace/build/sbridge/CMakeFiles/CMakeTmp/CheckSymbolExists.c:
/* */
#include <pthread.h>

int main(int argc, char** argv)
{
  (void)argv;
#ifndef pthread_create
  return ((int*)(&pthread_create))[argc];
#else
  (void)argc;
  return 0;
#endif
}

Determining if the function pthread_create exists in the pthreads failed with the following output:
Change Dir: /home/steven/rover_workspace/build/sbridge/CMakeFiles/CMakeTmp

Run Build Command:/usr/bin/make "cmTryCompileExec2414521872/fast"
/usr/bin/make -f CMakeFiles/cmTryCompileExec2414521872.dir/build.make CMakeFiles/cmTryCompileExec2414521872.dir/build
make[1]: Entering directory `/home/steven/rover_workspace/build/sbridge/CMakeFiles/CMakeTmp'
/usr/bin/cmake -E cmake_progress_report /home/steven/rover_workspace/build/sbridge/CMakeFiles/CMakeTmp/CMakeFiles 1
Building C object CMakeFiles/cmTryCompileExec2414521872.dir/CheckFunctionExists.c.o
/usr/bin/cc   -DCHECK_FUNCTION_EXISTS=pthread_create   -o CMakeFiles/cmTryCompileExec2414521872.dir/CheckFunctionExists.c.o   -c /usr/share/cmake-2.8/Modules/CheckFunctionExists.c
Linking C executable cmTryCompileExec2414521872
/usr/bin/cmake -E cmake_link_script CMakeFiles/cmTryCompileExec2414521872.dir/link.txt --verbose=1
/usr/bin/cc   -DCHECK_FUNCTION_EXISTS=pthread_create    CMakeFiles/cmTryCompileExec2414521872.dir/CheckFunctionExists.c.o  -o cmTryCompileExec2414521872 -rdynamic -lpthreads 
/usr/bin/ld: cannot find -lpthreads
collect2: error: ld returned 1 exit status
make[1]: Leaving directory `/home/steven/rover_workspace/build/sbridge/CMakeFiles/CMakeTmp'
make[1]: *** [cmTryCompileExec2414521872] Error 1
make: *** [cmTryCompileExec2414521872/fast] Error 2


