Determining if the pthread_create exist failed with the following output:
Change Dir: /home/steven/rover_workspace/build/ublox_msgs/CMakeFiles/CMakeTmp

Run Build Command:/usr/bin/make "cmTryCompileExec4016272669/fast"
/usr/bin/make -f CMakeFiles/cmTryCompileExec4016272669.dir/build.make CMakeFiles/cmTryCompileExec4016272669.dir/build
make[1]: Entering directory `/home/steven/rover_workspace/build/ublox_msgs/CMakeFiles/CMakeTmp'
/usr/bin/cmake -E cmake_progress_report /home/steven/rover_workspace/build/ublox_msgs/CMakeFiles/CMakeTmp/CMakeFiles 1
Building C object CMakeFiles/cmTryCompileExec4016272669.dir/CheckSymbolExists.c.o
/usr/bin/cc    -o CMakeFiles/cmTryCompileExec4016272669.dir/CheckSymbolExists.c.o   -c /home/steven/rover_workspace/build/ublox_msgs/CMakeFiles/CMakeTmp/CheckSymbolExists.c
Linking C executable cmTryCompileExec4016272669
/usr/bin/cmake -E cmake_link_script CMakeFiles/cmTryCompileExec4016272669.dir/link.txt --verbose=1
/usr/bin/cc       CMakeFiles/cmTryCompileExec4016272669.dir/CheckSymbolExists.c.o  -o cmTryCompileExec4016272669 -rdynamic 
CMakeFiles/cmTryCompileExec4016272669.dir/CheckSymbolExists.c.o: In function `main':
CheckSymbolExists.c:(.text+0x16): undefined reference to `pthread_create'
collect2: error: ld returned 1 exit status
make[1]: *** [cmTryCompileExec4016272669] Error 1
make[1]: Leaving directory `/home/steven/rover_workspace/build/ublox_msgs/CMakeFiles/CMakeTmp'
make: *** [cmTryCompileExec4016272669/fast] Error 2

File /home/steven/rover_workspace/build/ublox_msgs/CMakeFiles/CMakeTmp/CheckSymbolExists.c:
/* */
#include <pthread.h>

int main(int argc, char** argv)
{
  (void)argv;
#ifndef pthread_create
  return ((int*)(&pthread_create))[argc];
#else
  (void)argc;
  return 0;
#endif
}

Determining if the function pthread_create exists in the pthreads failed with the following output:
Change Dir: /home/steven/rover_workspace/build/ublox_msgs/CMakeFiles/CMakeTmp

Run Build Command:/usr/bin/make "cmTryCompileExec2620229013/fast"
/usr/bin/make -f CMakeFiles/cmTryCompileExec2620229013.dir/build.make CMakeFiles/cmTryCompileExec2620229013.dir/build
make[1]: Entering directory `/home/steven/rover_workspace/build/ublox_msgs/CMakeFiles/CMakeTmp'
/usr/bin/cmake -E cmake_progress_report /home/steven/rover_workspace/build/ublox_msgs/CMakeFiles/CMakeTmp/CMakeFiles 1
Building C object CMakeFiles/cmTryCompileExec2620229013.dir/CheckFunctionExists.c.o
/usr/bin/cc   -DCHECK_FUNCTION_EXISTS=pthread_create   -o CMakeFiles/cmTryCompileExec2620229013.dir/CheckFunctionExists.c.o   -c /usr/share/cmake-2.8/Modules/CheckFunctionExists.c
Linking C executable cmTryCompileExec2620229013
/usr/bin/cmake -E cmake_link_script CMakeFiles/cmTryCompileExec2620229013.dir/link.txt --verbose=1
/usr/bin/cc   -DCHECK_FUNCTION_EXISTS=pthread_create    CMakeFiles/cmTryCompileExec2620229013.dir/CheckFunctionExists.c.o  -o cmTryCompileExec2620229013 -rdynamic -lpthreads 
/usr/bin/ld: cannot find -lpthreads
collect2: error: ld returned 1 exit status
make[1]: *** [cmTryCompileExec2620229013] Error 1
make[1]: Leaving directory `/home/steven/rover_workspace/build/ublox_msgs/CMakeFiles/CMakeTmp'
make: *** [cmTryCompileExec2620229013/fast] Error 2


