Determining if the pthread_create exist failed with the following output:
Change Dir: /home/steven/rover_workspace/build/obstacle_detection/CMakeFiles/CMakeTmp

Run Build Command:/usr/bin/make "cmTryCompileExec1442282022/fast"
/usr/bin/make -f CMakeFiles/cmTryCompileExec1442282022.dir/build.make CMakeFiles/cmTryCompileExec1442282022.dir/build
make[1]: Entering directory `/home/steven/rover_workspace/build/obstacle_detection/CMakeFiles/CMakeTmp'
/usr/bin/cmake -E cmake_progress_report /home/steven/rover_workspace/build/obstacle_detection/CMakeFiles/CMakeTmp/CMakeFiles 1
Building C object CMakeFiles/cmTryCompileExec1442282022.dir/CheckSymbolExists.c.o
/usr/bin/cc    -o CMakeFiles/cmTryCompileExec1442282022.dir/CheckSymbolExists.c.o   -c /home/steven/rover_workspace/build/obstacle_detection/CMakeFiles/CMakeTmp/CheckSymbolExists.c
Linking C executable cmTryCompileExec1442282022
/usr/bin/cmake -E cmake_link_script CMakeFiles/cmTryCompileExec1442282022.dir/link.txt --verbose=1
/usr/bin/cc       CMakeFiles/cmTryCompileExec1442282022.dir/CheckSymbolExists.c.o  -o cmTryCompileExec1442282022 -rdynamic 
CMakeFiles/cmTryCompileExec1442282022.dir/CheckSymbolExists.c.o: In function `main':
CheckSymbolExists.c:(.text+0x16): undefined reference to `pthread_create'
collect2: error: ld returned 1 exit status
make[1]: *** [cmTryCompileExec1442282022] Error 1
make[1]: Leaving directory `/home/steven/rover_workspace/build/obstacle_detection/CMakeFiles/CMakeTmp'
make: *** [cmTryCompileExec1442282022/fast] Error 2

File /home/steven/rover_workspace/build/obstacle_detection/CMakeFiles/CMakeTmp/CheckSymbolExists.c:
/* */
#include <pthread.h>

int main(int argc, char** argv)
{
  (void)argv;
#ifndef pthread_create
  return ((int*)(&pthread_create))[argc];
#else
  (void)argc;
  return 0;
#endif
}

Determining if the function pthread_create exists in the pthreads failed with the following output:
Change Dir: /home/steven/rover_workspace/build/obstacle_detection/CMakeFiles/CMakeTmp

Run Build Command:/usr/bin/make "cmTryCompileExec2360195974/fast"
/usr/bin/make -f CMakeFiles/cmTryCompileExec2360195974.dir/build.make CMakeFiles/cmTryCompileExec2360195974.dir/build
make[1]: Entering directory `/home/steven/rover_workspace/build/obstacle_detection/CMakeFiles/CMakeTmp'
/usr/bin/cmake -E cmake_progress_report /home/steven/rover_workspace/build/obstacle_detection/CMakeFiles/CMakeTmp/CMakeFiles 1
Building C object CMakeFiles/cmTryCompileExec2360195974.dir/CheckFunctionExists.c.o
/usr/bin/cc   -DCHECK_FUNCTION_EXISTS=pthread_create   -o CMakeFiles/cmTryCompileExec2360195974.dir/CheckFunctionExists.c.o   -c /usr/share/cmake-2.8/Modules/CheckFunctionExists.c
Linking C executable cmTryCompileExec2360195974
/usr/bin/cmake -E cmake_link_script CMakeFiles/cmTryCompileExec2360195974.dir/link.txt --verbose=1
/usr/bin/cc   -DCHECK_FUNCTION_EXISTS=pthread_create    CMakeFiles/cmTryCompileExec2360195974.dir/CheckFunctionExists.c.o  -o cmTryCompileExec2360195974 -rdynamic -lpthreads 
/usr/bin/ld: cannot find -lpthreads
collect2: error: ld returned 1 exit status
make[1]: Leaving directory `/home/steven/rover_workspace/build/obstacle_detection/CMakeFiles/CMakeTmp'
make[1]: *** [cmTryCompileExec2360195974] Error 1
make: *** [cmTryCompileExec2360195974/fast] Error 2


