Determining if the pthread_create exist failed with the following output:
Change Dir: /home/steven/rover_workspace/build/ublox_serialization/CMakeFiles/CMakeTmp

Run Build Command:/usr/bin/make "cmTryCompileExec2920633217/fast"
/usr/bin/make -f CMakeFiles/cmTryCompileExec2920633217.dir/build.make CMakeFiles/cmTryCompileExec2920633217.dir/build
make[1]: Entering directory `/home/steven/rover_workspace/build/ublox_serialization/CMakeFiles/CMakeTmp'
/usr/bin/cmake -E cmake_progress_report /home/steven/rover_workspace/build/ublox_serialization/CMakeFiles/CMakeTmp/CMakeFiles 1
Building C object CMakeFiles/cmTryCompileExec2920633217.dir/CheckSymbolExists.c.o
/usr/bin/cc    -o CMakeFiles/cmTryCompileExec2920633217.dir/CheckSymbolExists.c.o   -c /home/steven/rover_workspace/build/ublox_serialization/CMakeFiles/CMakeTmp/CheckSymbolExists.c
Linking C executable cmTryCompileExec2920633217
/usr/bin/cmake -E cmake_link_script CMakeFiles/cmTryCompileExec2920633217.dir/link.txt --verbose=1
/usr/bin/cc       CMakeFiles/cmTryCompileExec2920633217.dir/CheckSymbolExists.c.o  -o cmTryCompileExec2920633217 -rdynamic 
CMakeFiles/cmTryCompileExec2920633217.dir/CheckSymbolExists.c.o: In function `main':
CheckSymbolExists.c:(.text+0x16): undefined reference to `pthread_create'
collect2: error: ld returned 1 exit status
make[1]: *** [cmTryCompileExec2920633217] Error 1
make[1]: Leaving directory `/home/steven/rover_workspace/build/ublox_serialization/CMakeFiles/CMakeTmp'
make: *** [cmTryCompileExec2920633217/fast] Error 2

File /home/steven/rover_workspace/build/ublox_serialization/CMakeFiles/CMakeTmp/CheckSymbolExists.c:
/* */
#include <pthread.h>

int main(int argc, char** argv)
{
  (void)argv;
#ifndef pthread_create
  return ((int*)(&pthread_create))[argc];
#else
  (void)argc;
  return 0;
#endif
}

Determining if the function pthread_create exists in the pthreads failed with the following output:
Change Dir: /home/steven/rover_workspace/build/ublox_serialization/CMakeFiles/CMakeTmp

Run Build Command:/usr/bin/make "cmTryCompileExec2038243135/fast"
/usr/bin/make -f CMakeFiles/cmTryCompileExec2038243135.dir/build.make CMakeFiles/cmTryCompileExec2038243135.dir/build
make[1]: Entering directory `/home/steven/rover_workspace/build/ublox_serialization/CMakeFiles/CMakeTmp'
/usr/bin/cmake -E cmake_progress_report /home/steven/rover_workspace/build/ublox_serialization/CMakeFiles/CMakeTmp/CMakeFiles 1
Building C object CMakeFiles/cmTryCompileExec2038243135.dir/CheckFunctionExists.c.o
/usr/bin/cc   -DCHECK_FUNCTION_EXISTS=pthread_create   -o CMakeFiles/cmTryCompileExec2038243135.dir/CheckFunctionExists.c.o   -c /usr/share/cmake-2.8/Modules/CheckFunctionExists.c
Linking C executable cmTryCompileExec2038243135
/usr/bin/cmake -E cmake_link_script CMakeFiles/cmTryCompileExec2038243135.dir/link.txt --verbose=1
/usr/bin/cc   -DCHECK_FUNCTION_EXISTS=pthread_create    CMakeFiles/cmTryCompileExec2038243135.dir/CheckFunctionExists.c.o  -o cmTryCompileExec2038243135 -rdynamic -lpthreads 
/usr/bin/ld: cannot find -lpthreads
collect2: error: ld returned 1 exit status
make[1]: *** [cmTryCompileExec2038243135] Error 1
make[1]: Leaving directory `/home/steven/rover_workspace/build/ublox_serialization/CMakeFiles/CMakeTmp'
make: *** [cmTryCompileExec2038243135/fast] Error 2


