Determining if the pthread_create exist failed with the following output:
Change Dir: /home/steven/rover_workspace/build/mobility/CMakeFiles/CMakeTmp

Run Build Command:/usr/bin/make "cmTryCompileExec2708647912/fast"
/usr/bin/make -f CMakeFiles/cmTryCompileExec2708647912.dir/build.make CMakeFiles/cmTryCompileExec2708647912.dir/build
make[1]: Entering directory `/home/steven/rover_workspace/build/mobility/CMakeFiles/CMakeTmp'
/usr/bin/cmake -E cmake_progress_report /home/steven/rover_workspace/build/mobility/CMakeFiles/CMakeTmp/CMakeFiles 1
Building C object CMakeFiles/cmTryCompileExec2708647912.dir/CheckSymbolExists.c.o
/usr/bin/cc    -o CMakeFiles/cmTryCompileExec2708647912.dir/CheckSymbolExists.c.o   -c /home/steven/rover_workspace/build/mobility/CMakeFiles/CMakeTmp/CheckSymbolExists.c
Linking C executable cmTryCompileExec2708647912
/usr/bin/cmake -E cmake_link_script CMakeFiles/cmTryCompileExec2708647912.dir/link.txt --verbose=1
/usr/bin/cc       CMakeFiles/cmTryCompileExec2708647912.dir/CheckSymbolExists.c.o  -o cmTryCompileExec2708647912 -rdynamic 
CMakeFiles/cmTryCompileExec2708647912.dir/CheckSymbolExists.c.o: In function `main':
CheckSymbolExists.c:(.text+0x16): undefined reference to `pthread_create'
collect2: error: ld returned 1 exit status
make[1]: Leaving directory `/home/steven/rover_workspace/build/mobility/CMakeFiles/CMakeTmp'
make[1]: *** [cmTryCompileExec2708647912] Error 1
make: *** [cmTryCompileExec2708647912/fast] Error 2

File /home/steven/rover_workspace/build/mobility/CMakeFiles/CMakeTmp/CheckSymbolExists.c:
/* */
#include <pthread.h>

int main(int argc, char** argv)
{
  (void)argv;
#ifndef pthread_create
  return ((int*)(&pthread_create))[argc];
#else
  (void)argc;
  return 0;
#endif
}

Determining if the function pthread_create exists in the pthreads failed with the following output:
Change Dir: /home/steven/rover_workspace/build/mobility/CMakeFiles/CMakeTmp

Run Build Command:/usr/bin/make "cmTryCompileExec4229893026/fast"
/usr/bin/make -f CMakeFiles/cmTryCompileExec4229893026.dir/build.make CMakeFiles/cmTryCompileExec4229893026.dir/build
make[1]: Entering directory `/home/steven/rover_workspace/build/mobility/CMakeFiles/CMakeTmp'
/usr/bin/cmake -E cmake_progress_report /home/steven/rover_workspace/build/mobility/CMakeFiles/CMakeTmp/CMakeFiles 1
Building C object CMakeFiles/cmTryCompileExec4229893026.dir/CheckFunctionExists.c.o
/usr/bin/cc   -DCHECK_FUNCTION_EXISTS=pthread_create   -o CMakeFiles/cmTryCompileExec4229893026.dir/CheckFunctionExists.c.o   -c /usr/share/cmake-2.8/Modules/CheckFunctionExists.c
Linking C executable cmTryCompileExec4229893026
/usr/bin/cmake -E cmake_link_script CMakeFiles/cmTryCompileExec4229893026.dir/link.txt --verbose=1
/usr/bin/cc   -DCHECK_FUNCTION_EXISTS=pthread_create    CMakeFiles/cmTryCompileExec4229893026.dir/CheckFunctionExists.c.o  -o cmTryCompileExec4229893026 -rdynamic -lpthreads 
/usr/bin/ld: cannot find -lpthreads
collect2: error: ld returned 1 exit status
make[1]: Leaving directory `/home/steven/rover_workspace/build/mobility/CMakeFiles/CMakeTmp'
make[1]: *** [cmTryCompileExec4229893026] Error 1
make: *** [cmTryCompileExec4229893026/fast] Error 2


